<?xml version="1.0" encoding="UTF-8"?>
<!-- Generated by org.testng.reporters.JUnitXMLReporter -->
<testsuite ignored="0" hostname="LAPTOP-R0SMGEJT" failures="0" tests="3" name="my test on chrome" time="33.721" errors="0" timestamp="2023-07-06T15:59:39 IST">
  <testcase classname="com.MyTest.LoginTest" name="verifyLoginPageTitleTest" time="0.02"/>
  <testcase classname="com.MyTest.LoginTest" name="verifyLoginPageHeaderTest" time="0.002"/>
  <testcase classname="com.MyTest.LoginTest" name="dologintest" time="4.647"/>
</testsuite> <!-- my test on chrome -->
