<?xml version="1.0" encoding="UTF-8"?>
<testng-results ignored="0" total="3" passed="3" failed="0" skipped="0">
  <reporter-output>
  </reporter-output>
  <suite started-at="2023-07-06T15:59:06 IST" name="Suite" finished-at="2023-07-06T15:59:39 IST" duration-ms="33721">
    <groups>
    </groups>
    <test started-at="2023-07-06T15:59:06 IST" name="my test on chrome" finished-at="2023-07-06T15:59:39 IST" duration-ms="33721">
      <class name="com.MyTest.LoginTest">
        <test-method is-config="true" signature="setUpTest(java.lang.String)[pri:0, instance:com.MyTest.LoginTest@22ef9844]" started-at="2023-07-06T15:59:06 IST" name="setUpTest" finished-at="2023-07-06T15:59:16 IST" duration-ms="10645" status="PASS">
          <params>
            <param index="0">
              <value>
                <![CDATA[chrome]]>
              </value>
            </param>
          </params>
          <reporter-output>
          </reporter-output>
        </test-method> <!-- setUpTest -->
        <test-method signature="verifyLoginPageTitleTest()[pri:1, instance:com.MyTest.LoginTest@22ef9844]" started-at="2023-07-06T15:59:16 IST" name="verifyLoginPageTitleTest" finished-at="2023-07-06T15:59:16 IST" duration-ms="20" status="PASS">
          <reporter-output>
          </reporter-output>
        </test-method> <!-- verifyLoginPageTitleTest -->
        <test-method is-config="true" signature="tearDown()[pri:0, instance:com.MyTest.LoginTest@22ef9844]" started-at="2023-07-06T15:59:16 IST" name="tearDown" finished-at="2023-07-06T15:59:17 IST" duration-ms="315" status="PASS">
          <reporter-output>
          </reporter-output>
        </test-method> <!-- tearDown -->
        <test-method is-config="true" signature="setUpTest(java.lang.String)[pri:0, instance:com.MyTest.LoginTest@22ef9844]" started-at="2023-07-06T15:59:17 IST" name="setUpTest" finished-at="2023-07-06T15:59:25 IST" duration-ms="8761" status="PASS">
          <params>
            <param index="0">
              <value>
                <![CDATA[chrome]]>
              </value>
            </param>
          </params>
          <reporter-output>
          </reporter-output>
        </test-method> <!-- setUpTest -->
        <test-method signature="verifyLoginPageHeaderTest()[pri:2, instance:com.MyTest.LoginTest@22ef9844]" started-at="2023-07-06T15:59:25 IST" name="verifyLoginPageHeaderTest" finished-at="2023-07-06T15:59:25 IST" duration-ms="2" status="PASS">
          <reporter-output>
          </reporter-output>
        </test-method> <!-- verifyLoginPageHeaderTest -->
        <test-method is-config="true" signature="tearDown()[pri:0, instance:com.MyTest.LoginTest@22ef9844]" started-at="2023-07-06T15:59:25 IST" name="tearDown" finished-at="2023-07-06T15:59:26 IST" duration-ms="373" status="PASS">
          <reporter-output>
          </reporter-output>
        </test-method> <!-- tearDown -->
        <test-method is-config="true" signature="setUpTest(java.lang.String)[pri:0, instance:com.MyTest.LoginTest@22ef9844]" started-at="2023-07-06T15:59:26 IST" name="setUpTest" finished-at="2023-07-06T15:59:34 IST" duration-ms="8647" status="PASS">
          <params>
            <param index="0">
              <value>
                <![CDATA[chrome]]>
              </value>
            </param>
          </params>
          <reporter-output>
          </reporter-output>
        </test-method> <!-- setUpTest -->
        <test-method signature="dologintest()[pri:3, instance:com.MyTest.LoginTest@22ef9844]" started-at="2023-07-06T15:59:34 IST" name="dologintest" finished-at="2023-07-06T15:59:39 IST" duration-ms="4647" status="PASS">
          <reporter-output>
          </reporter-output>
        </test-method> <!-- dologintest -->
        <test-method is-config="true" signature="tearDown()[pri:0, instance:com.MyTest.LoginTest@22ef9844]" started-at="2023-07-06T15:59:39 IST" name="tearDown" finished-at="2023-07-06T15:59:39 IST" duration-ms="256" status="PASS">
          <reporter-output>
          </reporter-output>
        </test-method> <!-- tearDown -->
      </class> <!-- com.MyTest.LoginTest -->
    </test> <!-- my test on chrome -->
  </suite> <!-- Suite -->
</testng-results>
